<?xml version="1.0" encoding="UTF-8"?>
<!-- Generated by org.testng.reporters.JUnitReportReporter -->
<testsuite hostname="HYD-LTUB05" failures="0" tests="2" name="Selenium.Framework.MainClass" time="16.735" errors="0" timestamp="2024-03-12T19:44:29 IST" skipped="1">
  <testcase classname="Selenium.Framework.MainClass" name="faq" time="11.204">
    <skipped/>
  </testcase> <!-- faq -->
  <system-out/>
  <testcase classname="Selenium.Framework.MainClass" name="faq" time="5.531"/>
  <system-out/>
</testsuite> <!-- Selenium.Framework.MainClass -->
