<?xml version="1.0" encoding="UTF-8"?>
<testng-results ignored="2" total="3" passed="1" failed="0" skipped="0">
  <reporter-output>
  </reporter-output>
  <suite started-at="2024-05-29T16:15:29 IST" name="Default suite" finished-at="2024-05-29T16:15:29 IST" duration-ms="23">
    <groups>
    </groups>
    <test started-at="2024-05-29T16:15:29 IST" name="Default test" finished-at="2024-05-29T16:15:29 IST" duration-ms="23">
      <class name="Practice.Arrays">
        <test-method signature="EvenOdd()[pri:0, instance:Practice.Arrays@7fee8714]" started-at="2024-05-29T16:15:29 IST" name="EvenOdd" finished-at="2024-05-29T16:15:29 IST" duration-ms="4" status="PASS">
          <reporter-output>
          </reporter-output>
        </test-method> <!-- EvenOdd -->
      </class> <!-- Practice.Arrays -->
    </test> <!-- Default test -->
  </suite> <!-- Default suite -->
</testng-results>
