<?xml version="1.0" encoding="UTF-8"?>
<testng-results ignored="3" total="4" passed="1" failed="0" skipped="0">
  <reporter-output>
  </reporter-output>
  <suite started-at="2024-08-05T12:01:46 IST" name="Default suite" finished-at="2024-08-05T12:01:49 IST" duration-ms="2382">
    <groups>
    </groups>
    <test started-at="2024-08-05T12:01:46 IST" name="Default test" finished-at="2024-08-05T12:01:49 IST" duration-ms="2382">
      <class name="Practice.HYR">
        <test-method is-config="true" signature="driverinitialization()[pri:0, instance:Practice.HYR@29215f06]" started-at="2024-08-05T12:01:46 IST" name="driverinitialization" finished-at="2024-08-05T12:01:49 IST" duration-ms="2354" status="PASS">
          <reporter-output>
          </reporter-output>
        </test-method> <!-- driverinitialization -->
        <test-method signature="name()[pri:0, instance:Practice.HYR@29215f06]" started-at="2024-08-05T12:01:49 IST" name="name" finished-at="2024-08-05T12:01:49 IST" duration-ms="5" status="PASS">
          <reporter-output>
          </reporter-output>
        </test-method> <!-- name -->
      </class> <!-- Practice.HYR -->
    </test> <!-- Default test -->
  </suite> <!-- Default suite -->
</testng-results>
