<?xml version="1.0" encoding="UTF-8"?>
<!-- Generated by org.testng.reporters.JUnitXMLReporter -->
<testsuite ignored="3" hostname="arunkumar-ThinkBook-15-G3-ACL" failures="0" tests="1" name="Default test" time="2.382" errors="0" timestamp="2024-08-05T12:01:49 IST">
  <testcase classname="Practice.HYR" name="name" time="0.005"/>
  <testcase classname="Practice.HYR" name="ddown" time="0.0">
    <ignored/>
  </testcase> <!-- ddown -->
  <testcase classname="Practice.HYR" name="windowhandles" time="0.0">
    <ignored/>
  </testcase> <!-- windowhandles -->
  <testcase classname="Practice.HYR" name="rsa" time="0.0">
    <ignored/>
  </testcase> <!-- rsa -->
</testsuite> <!-- Default test -->
