<?xml version="1.0" encoding="UTF-8"?>
<!-- Generated by org.testng.reporters.JUnitXMLReporter -->
<testsuite ignored="2" hostname="arunkumar-ThinkBook-15-G3-ACL" failures="0" tests="1" name="Default test" time="0.023" errors="0" timestamp="2024-05-29T16:15:29 IST">
  <testcase classname="Practice.Arrays" name="EvenOdd" time="0.004"/>
  <testcase classname="Practice.Arrays" name="AvgArray" time="0.0">
    <ignored/>
  </testcase> <!-- AvgArray -->
  <testcase classname="Practice.Arrays" name="min" time="0.0">
    <ignored/>
  </testcase> <!-- min -->
</testsuite> <!-- Default test -->
